mode: set
authorizer/usecase/rules/high_frequency_small_interval.go:11.74,13.2 1 1
authorizer/usecase/rules/high_frequency_small_interval.go:15.117,19.19 2 1
authorizer/usecase/rules/high_frequency_small_interval.go:27.2,27.12 1 1
authorizer/usecase/rules/high_frequency_small_interval.go:19.19,22.27 2 1
authorizer/usecase/rules/high_frequency_small_interval.go:22.27,24.4 1 1
authorizer/usecase/rules/rule.go:11.92,14.16 2 1
authorizer/usecase/rules/rule.go:18.2,20.16 2 1
authorizer/usecase/rules/rule.go:24.2,24.12 1 1
authorizer/usecase/rules/rule.go:14.16,16.3 1 1
authorizer/usecase/rules/rule.go:20.16,22.3 1 1
authorizer/usecase/rules/rule.go:28.24,32.2 1 1
authorizer/usecase/rules/rules.go:8.27,13.2 1 1
authorizer/usecase/rules/double_transaction.go:17.56,19.2 1 1
authorizer/usecase/rules/double_transaction.go:21.108,22.24 1 1
authorizer/usecase/rules/double_transaction.go:31.2,31.12 1 1
authorizer/usecase/rules/double_transaction.go:22.24,23.61 1 1
authorizer/usecase/rules/double_transaction.go:23.61,25.28 2 1
authorizer/usecase/rules/double_transaction.go:25.28,27.5 1 1
authorizer/processor/handler_mock.go:25.59,29.2 3 1
authorizer/processor/handler_mock.go:32.57,34.2 1 1
authorizer/processor/handler_mock.go:37.58,43.2 5 1
authorizer/processor/handler_mock.go:46.74,49.2 2 1
authorizer/processor/processor.go:31.82,37.2 1 1
authorizer/processor/processor.go:39.37,41.6 1 1
authorizer/processor/processor.go:59.2,59.12 1 1
authorizer/processor/processor.go:41.6,43.51 2 1
authorizer/processor/processor.go:49.3,50.17 2 1
authorizer/processor/processor.go:54.3,54.52 1 1
authorizer/processor/processor.go:43.51,44.9 1 1
authorizer/processor/processor.go:45.9,45.24 1 1
authorizer/processor/processor.go:45.24,47.4 1 1
authorizer/processor/processor.go:50.17,52.4 1 1
authorizer/processor/processor.go:54.52,56.4 1 0
authorizer/usecase/authorizer/authorize.go:18.46,20.2 1 1
authorizer/usecase/authorizer/authorize.go:22.95,27.23 3 1
authorizer/usecase/authorizer/authorize.go:36.2,37.16 2 1
authorizer/usecase/authorizer/authorize.go:42.2,42.72 1 1
authorizer/usecase/authorizer/authorize.go:28.19,29.49 1 1
authorizer/usecase/authorizer/authorize.go:30.23,31.58 1 1
authorizer/usecase/authorizer/authorize.go:32.9,33.66 1 1
authorizer/usecase/authorizer/authorize.go:37.16,40.3 1 1
authorizer/usecase/authorizer/authorize.go:45.54,49.50 3 1
authorizer/usecase/authorizer/authorize.go:52.2,52.15 1 1
authorizer/usecase/authorizer/authorize.go:55.2,55.24 1 1
authorizer/usecase/authorizer/authorize.go:49.50,51.3 1 1
authorizer/usecase/authorizer/authorize.go:52.15,54.3 1 1
authorizer/usecase/authorizer/manager.go:20.46,24.2 1 1
authorizer/usecase/authorizer/manager.go:26.91,28.29 1 1
authorizer/usecase/authorizer/manager.go:31.2,33.30 2 1
authorizer/usecase/authorizer/manager.go:28.29,30.3 1 1
authorizer/usecase/authorizer/manager.go:36.104,37.29 1 1
authorizer/usecase/authorizer/manager.go:41.2,41.34 1 1
authorizer/usecase/authorizer/manager.go:45.2,45.35 1 1
authorizer/usecase/authorizer/manager.go:49.2,52.16 3 1
authorizer/usecase/authorizer/manager.go:55.2,58.30 3 1
authorizer/usecase/authorizer/manager.go:37.29,39.3 1 1
authorizer/usecase/authorizer/manager.go:41.34,43.3 1 1
authorizer/usecase/authorizer/manager.go:45.35,47.3 1 1
authorizer/usecase/authorizer/manager.go:52.16,54.3 1 1
authorizer/usecase/authorizer/manager.go:61.79,64.49 2 1
authorizer/usecase/authorizer/manager.go:68.2,68.13 1 1
authorizer/usecase/authorizer/manager.go:64.49,66.3 1 1
authorizer/usecase/authorizer/manager_mock.go:26.59,30.2 3 1
authorizer/usecase/authorizer/manager_mock.go:33.57,35.2 1 0
authorizer/usecase/authorizer/manager_mock.go:38.83,44.2 5 0
authorizer/usecase/authorizer/manager_mock.go:47.81,50.2 2 0
authorizer/usecase/authorizer/manager_mock.go:53.92,59.2 5 0
authorizer/usecase/authorizer/manager_mock.go:62.86,65.2 2 0
