mode: set
authorizer/usecase/rules/double_transaction.go:17.56,19.2 1 1
authorizer/usecase/rules/double_transaction.go:21.108,22.24 1 1
authorizer/usecase/rules/double_transaction.go:31.2,31.12 1 1
authorizer/usecase/rules/double_transaction.go:22.24,23.61 1 1
authorizer/usecase/rules/double_transaction.go:23.61,25.28 2 1
authorizer/usecase/rules/double_transaction.go:25.28,27.5 1 1
authorizer/usecase/rules/high_frequency_small_interval.go:11.74,13.2 1 1
authorizer/usecase/rules/high_frequency_small_interval.go:15.117,19.19 2 1
authorizer/usecase/rules/high_frequency_small_interval.go:27.2,27.12 1 1
authorizer/usecase/rules/high_frequency_small_interval.go:19.19,22.27 2 1
authorizer/usecase/rules/high_frequency_small_interval.go:22.27,24.4 1 1
authorizer/usecase/rules/merchant_deny_list.go:13.46,15.2 1 1
authorizer/usecase/rules/merchant_deny_list.go:17.104,19.37 1 1
authorizer/usecase/rules/merchant_deny_list.go:24.2,24.12 1 1
authorizer/usecase/rules/merchant_deny_list.go:19.37,20.52 1 1
authorizer/usecase/rules/merchant_deny_list.go:20.52,22.4 1 0
authorizer/usecase/rules/rule.go:11.119,14.16 2 1
authorizer/usecase/rules/rule.go:18.2,20.16 2 1
authorizer/usecase/rules/rule.go:24.2,26.16 2 1
authorizer/usecase/rules/rule.go:30.2,30.12 1 1
authorizer/usecase/rules/rule.go:14.16,16.3 1 1
authorizer/usecase/rules/rule.go:20.16,22.3 1 1
authorizer/usecase/rules/rule.go:26.16,28.3 1 0
authorizer/usecase/rules/rule.go:34.24,38.2 1 1
authorizer/usecase/rules/rules.go:9.27,15.2 1 1
authorizer/processor/handler_mock.go:25.59,29.2 3 1
authorizer/processor/handler_mock.go:32.57,34.2 1 1
authorizer/processor/handler_mock.go:37.58,43.2 5 1
authorizer/processor/handler_mock.go:46.74,49.2 2 1
authorizer/processor/processor.go:32.82,38.2 1 1
authorizer/processor/processor.go:40.37,42.6 1 1
authorizer/processor/processor.go:60.2,60.12 1 1
authorizer/processor/processor.go:42.6,44.51 2 1
authorizer/processor/processor.go:50.3,51.17 2 1
authorizer/processor/processor.go:55.3,55.52 1 1
authorizer/processor/processor.go:44.51,45.9 1 1
authorizer/processor/processor.go:46.9,46.24 1 1
authorizer/processor/processor.go:46.24,48.4 1 1
authorizer/processor/processor.go:51.17,53.4 1 1
authorizer/processor/processor.go:55.52,57.4 1 0
authorizer/usecase/authorizer/manager.go:21.46,25.2 1 1
authorizer/usecase/authorizer/manager.go:27.91,29.29 1 1
authorizer/usecase/authorizer/manager.go:33.2,35.30 2 1
authorizer/usecase/authorizer/manager.go:29.29,31.3 1 1
authorizer/usecase/authorizer/manager.go:38.104,39.31 1 1
authorizer/usecase/authorizer/manager.go:43.2,43.34 1 1
authorizer/usecase/authorizer/manager.go:47.2,47.35 1 1
authorizer/usecase/authorizer/manager.go:51.2,54.16 3 1
authorizer/usecase/authorizer/manager.go:57.2,60.30 3 1
authorizer/usecase/authorizer/manager.go:39.31,41.3 1 1
authorizer/usecase/authorizer/manager.go:43.34,45.3 1 1
authorizer/usecase/authorizer/manager.go:47.35,49.3 1 1
authorizer/usecase/authorizer/manager.go:54.16,56.3 1 1
authorizer/usecase/authorizer/manager.go:63.87,64.31 1 1
authorizer/usecase/authorizer/manager.go:68.2,70.30 2 1
authorizer/usecase/authorizer/manager.go:64.31,66.3 1 0
authorizer/usecase/authorizer/manager.go:73.79,76.49 2 1
authorizer/usecase/authorizer/manager.go:80.2,80.13 1 1
authorizer/usecase/authorizer/manager.go:76.49,78.3 1 1
authorizer/usecase/authorizer/manager.go:83.55,84.29 1 1
authorizer/usecase/authorizer/manager.go:88.2,88.13 1 1
authorizer/usecase/authorizer/manager.go:84.29,86.3 1 1
authorizer/usecase/authorizer/manager_mock.go:26.59,30.2 3 1
authorizer/usecase/authorizer/manager_mock.go:33.57,35.2 1 0
authorizer/usecase/authorizer/manager_mock.go:38.83,44.2 5 0
authorizer/usecase/authorizer/manager_mock.go:47.81,50.2 2 0
authorizer/usecase/authorizer/manager_mock.go:53.92,59.2 5 0
authorizer/usecase/authorizer/manager_mock.go:62.86,65.2 2 0
authorizer/usecase/authorizer/authorize.go:19.46,21.2 1 1
authorizer/usecase/authorizer/authorize.go:23.95,28.23 3 1
authorizer/usecase/authorizer/authorize.go:39.2,40.16 2 1
authorizer/usecase/authorizer/authorize.go:45.2,45.72 1 1
authorizer/usecase/authorizer/authorize.go:29.19,30.49 1 1
authorizer/usecase/authorizer/authorize.go:31.23,32.58 1 1
authorizer/usecase/authorizer/authorize.go:33.21,34.50 1 0
authorizer/usecase/authorizer/authorize.go:35.9,36.66 1 1
authorizer/usecase/authorizer/authorize.go:40.16,43.3 1 1
authorizer/usecase/authorizer/authorize.go:48.54,53.73 4 1
authorizer/usecase/authorizer/authorize.go:56.2,56.15 1 1
authorizer/usecase/authorizer/authorize.go:60.2,60.19 1 1
authorizer/usecase/authorizer/authorize.go:64.2,64.21 1 0
authorizer/usecase/authorizer/authorize.go:53.73,55.3 1 1
authorizer/usecase/authorizer/authorize.go:56.15,58.3 1 1
authorizer/usecase/authorizer/authorize.go:60.19,62.3 1 1
